<?xml version="1.0" encoding="UTF-8"?>

<testsuite name="tests.com.probertson.data.AirAqlliteTestSuite" tests="1" failures="0" errors="1" skipped="0" time="0.0">
  <testcase classname="tests.com.probertson.data::AirAqlliteTestSuite" name="initializationError" time="0.000" status="error">
    <error message="Empty test Suite!" type="tests.com.probertson.data::AirAqlliteTestSuite.initializationError">
      <stackTraceInfo>Error: Empty test Suite! at org.flexunit.internals.runners::InitializationError()[/Users/blegros/Documents/Flex Builder 3/FlexUnit4/src/org/flexunit/internals/runners/InitializationError.as:44] at org.flexunit.runners::Suite()[/Users/blegros/Documents/Flex Builder 3/FlexUnit4/src/org/flexunit/runners/Suite.as:134] at org.flexunit.internals.builders::MetaDataBuilder/buildWithSecondSignature()[/Users/blegros/Documents/Flex Builder 3/FlexUnit4/src/org/flexunit/internals/builders/MetaDataBuilder.as:84] at org.flexunit.internals.builders::MetaDataBuilder/buildRunner()[/Users/blegros/Documents/Flex Builder 3/FlexUnit4/src/org/flexunit/internals/builders/MetaDataBuilder.as:70] at org.flexunit.internals.builders::MetaDataBuilder/runnerForClass()[/Users/blegros/Documents/Flex Builder 3/FlexUnit4/src/org/flexunit/internals/builders/MetaDataBuilder.as:51] at org.flexunit.runners.model::RunnerBuilderBase/safeRunnerForClass()[/Users/blegros/Documents/Flex Builder 3/FlexUnit4/src/org/flexunit/runners/model/RunnerBuilderBase.as:48] at org.flexunit.internals.builders::AllDefaultPossibilitiesBuilder/runnerForClass()[/Users/blegros/Documents/Flex Builder 3/FlexUnit4/src/org/flexunit/internals/builders/AllDefaultPossibilitiesBuilder.as:52] at org.flexunit.runners.model::RunnerBuilderBase/safeRunnerForClass()[/Users/blegros/Documents/Flex Builder 3/FlexUnit4/src/org/flexunit/runners/model/RunnerBuilderBase.as:48] at org.flexunit.runners.model::RunnerBuilderBase/localRunners()[/Users/blegros/Documents/Flex Builder 3/FlexUnit4/src/org/flexunit/runners/model/RunnerBuilderBase.as:90] at org.flexunit.runners.model::RunnerBuilderBase/runners()[/Users/blegros/Documents/Flex Builder 3/FlexUnit4/src/org/flexunit/runners/model/RunnerBuilderBase.as:67] at org.flexunit.runners::Suite()[/Users/blegros/Documents/Flex Builder 3/FlexUnit4/src/org/flexunit/runners/Suite.as:132] at org.flexunit.runner::Request$/classes()[/Users/blegros/Documents/Flex Builder 3/FlexUnit4/src/org/flexunit/runner/Request.as:158] at Function/http://adobe.com/AS3/2006/builtin::apply() at org.flexunit.runner::FlexUnitCore/runClasses()[/Users/blegros/Documents/Flex Builder 3/FlexUnit4/src/org/flexunit/runner/FlexUnitCore.as:146] at Function/http://adobe.com/AS3/2006/builtin::apply() at org.flexunit.runner::FlexUnitCore/run()[/Users/blegros/Documents/Flex Builder 3/FlexUnit4/src/org/flexunit/runner/FlexUnitCore.as:129] at RobotlegsTest/onCreationComplete()[/Volumes/Gonzales/Users/joel/Code/flashtools/air-sqlite/tests/RobotlegsTest.mxml:27] at RobotlegsTest/___RobotlegsTest_Application1_creationComplete()[/Volumes/Gonzales/Users/joel/Code/flashtools/air-sqlite/tests/RobotlegsTest.mxml:4] at flash.events::EventDispatcher/dispatchEventFunction() at flash.events::EventDispatcher/dispatchEvent() at mx.core::UIComponent/dispatchEvent() at mx.core::UIComponent/set initialized() at mx.managers::LayoutManager/doPhasedInstantiation() at mx.managers::LayoutManager/doPhasedInstantiationCallback()</stackTraceInfo>
    </error>
  </testcase>
</testsuite>
